2016-02-04 23:31:54,552 [latch_status()] Error of reload status:{"message": "Invalid application signature", "code": 102}
2016-02-04 23:31:55,999 [latch_status()] Error of reload status:{"message": "Invalid application signature", "code": 102}
2016-02-04 23:32:02,931 [latch_status()] Error of reload status:{"message": "Invalid application signature", "code": 102}
2016-02-04 23:36:06,960 [latch_status()] Error of reload status:
2016-02-04 23:36:07,280 Samu change wifi status to off
2016-02-05 15:20:04,422 [import_configuration()] doesnt exist configuration file(conf.cfg)
2016-02-05 15:20:04,422 Critical failure in the initial program load. Program is forced to stop
2016-02-05 15:22:29,405 [import_configuration()] doesnt exist configuration file(conf.cfg)
2016-02-05 15:22:29,405 Critical failure in the initial program load. Program is forced to stop
2016-02-05 15:27:20,671 [read_users()] doesnt exist users file(users.csv)
2016-02-05 15:27:20,671 Critical failure in the initial program load. Program is forced to stop
2016-02-05 15:32:12,546 [read_users()] doesnt exist users file(users.csv)
2016-02-05 15:32:12,547 Critical failure in the initial program load. Program is forced to stop
2016-02-05 15:32:44,119 [read_users()] doesnt exist users file(users.csv)
2016-02-05 15:32:44,119 Critical failure in the initial program load. Program is forced to stop
2016-02-05 15:32:47,947 [read_users()] doesnt exist users file(users.csv)
2016-02-05 15:32:47,948 Critical failure in the initial program load. Program is forced to stop
2016-02-05 15:33:49,326 [latch_status()] Error of reload status:
2016-02-05 15:38:39,963 [latch_status()] Error of reload status:
2016-02-05 15:38:44,678 [latch_status()] Error of reload status:
2016-02-05 15:38:56,242 [latch_status()] Error of reload status:
2016-02-05 16:20:51,893 Samu change wifi status to off
2016-02-05 16:23:42,207 Samu change wifi status to off
2016-02-05 17:46:14,582 Samu change wifi status to off
2016-02-05 17:47:06,792 [latch_status()] Error of reload status:
2016-02-05 17:47:07,796 [latch_status()] Error of reload status:
2016-02-05 17:47:08,801 [latch_status()] Error of reload status:
2016-02-05 17:47:09,805 [latch_status()] Error of reload status:
2016-02-05 17:47:10,811 [latch_status()] Error of reload status:
2016-02-05 17:47:11,815 [latch_status()] Error of reload status:
2016-02-05 17:47:12,822 [latch_status()] Error of reload status:
2016-02-05 17:47:13,826 [latch_status()] Error of reload status:
2016-02-05 17:47:14,831 [latch_status()] Error of reload status:
2016-02-05 17:47:15,835 [latch_status()] Error of reload status:
2016-02-05 17:47:16,841 [latch_status()] Error of reload status:
2016-02-05 17:47:17,845 [latch_status()] Error of reload status:
2016-02-05 17:47:19,851 [latch_status()] Error of reload status:
2016-02-05 17:47:19,871 [latch_status()] Error of reload status:
2016-02-05 17:47:19,875 Samu change wifi status to off
2016-02-05 17:47:47,469 [latch_status()] Error of reload status:
2016-02-05 17:47:48,473 [latch_status()] Error of reload status:
2016-02-05 17:47:49,477 [latch_status()] Error of reload status:
2016-02-05 17:47:50,483 [latch_status()] Error of reload status:
2016-02-05 17:47:51,489 [latch_status()] Error of reload status:
2016-02-05 17:47:52,493 [latch_status()] Error of reload status:
2016-02-05 17:47:53,499 [latch_status()] Error of reload status:
2016-02-05 17:47:54,503 [latch_status()] Error of reload status:
2016-02-05 17:47:55,509 [latch_status()] Error of reload status:
2016-02-05 17:47:56,513 [latch_status()] Error of reload status:
2016-02-05 17:47:57,519 [latch_status()] Error of reload status:
2016-02-05 17:47:58,525 [latch_status()] Error of reload status:
2016-02-05 17:47:59,529 [latch_status()] Error of reload status:
2016-02-05 17:48:00,532 [latch_status()] Error of reload status:
2016-02-05 17:48:01,538 [latch_status()] Error of reload status:
2016-02-05 17:48:03,543 [latch_status()] Error of reload status:
2016-02-05 17:48:04,549 [latch_status()] Error of reload status:
2016-02-05 17:48:05,553 [latch_status()] Error of reload status:
2016-02-05 17:48:06,559 [latch_status()] Error of reload status:
2016-02-05 17:48:07,563 [latch_status()] Error of reload status:
2016-02-05 17:48:08,571 [latch_status()] Error of reload status:
2016-02-05 17:48:09,575 [latch_status()] Error of reload status:
2016-02-05 17:48:10,581 [latch_status()] Error of reload status:
2016-02-05 17:48:11,586 [latch_status()] Error of reload status:
2016-02-05 17:48:12,591 [latch_status()] Error of reload status:
2016-02-05 17:48:13,598 [latch_status()] Error of reload status:
2016-02-05 17:48:14,602 [latch_status()] Error of reload status:
2016-02-05 17:48:15,608 [latch_status()] Error of reload status:
2016-02-05 17:48:16,614 [latch_status()] Error of reload status:
2016-02-05 17:48:17,619 [latch_status()] Error of reload status:
2016-02-05 17:48:18,625 [latch_status()] Error of reload status:
2016-02-05 17:48:19,630 [latch_status()] Error of reload status:
2016-02-05 17:48:20,635 [latch_status()] Error of reload status:
2016-02-05 17:48:21,641 [latch_status()] Error of reload status:
2016-02-05 17:48:22,648 [latch_status()] Error of reload status:
2016-02-05 17:48:23,651 [latch_status()] Error of reload status:
2016-02-05 17:48:24,657 [latch_status()] Error of reload status:
2016-02-05 17:48:25,664 [latch_status()] Error of reload status:
2016-02-05 17:48:26,668 [latch_status()] Error of reload status:
2016-02-05 17:48:27,674 [latch_status()] Error of reload status:
2016-02-05 17:48:28,680 [latch_status()] Error of reload status:
2016-02-05 17:48:29,684 [latch_status()] Error of reload status:
2016-02-05 17:48:30,690 [latch_status()] Error of reload status:
2016-02-05 17:48:31,696 [latch_status()] Error of reload status:
2016-02-05 17:48:32,701 [latch_status()] Error of reload status:
2016-02-05 17:48:33,707 [latch_status()] Error of reload status:
2016-02-05 17:48:34,711 [latch_status()] Error of reload status:
2016-02-05 17:48:35,717 [latch_status()] Error of reload status:
2016-02-05 17:48:36,723 [latch_status()] Error of reload status:
2016-02-05 17:48:37,727 [latch_status()] Error of reload status:
2016-02-05 17:48:38,733 [latch_status()] Error of reload status:
2016-02-05 17:48:39,739 [latch_status()] Error of reload status:
2016-02-05 17:48:40,743 [latch_status()] Error of reload status:
2016-02-05 17:48:41,749 [latch_status()] Error of reload status:
2016-02-05 17:48:42,755 [latch_status()] Error of reload status:
2016-02-05 17:48:43,759 [latch_status()] Error of reload status:
2016-02-05 17:48:44,766 [latch_status()] Error of reload status:
2016-02-05 17:48:45,769 [latch_status()] Error of reload status:
2016-02-05 17:49:57,430 SamuChange wifi status to on
2016-02-05 17:51:28,559 Samu change wifi status to off
2016-02-05 17:52:14,624 SamuChange wifi status to on
2016-02-05 18:23:25,331 [latch_status()] Error of reload status:
2016-02-05 18:23:25,529 [latch_status()] Error of reload status:
2016-02-05 18:23:25,530 Samu change wifi status to off
2016-02-06 12:32:24,042 Samu change wifi status to off
2016-02-06 12:49:50,593 Problem running option 3 of menu
2016-02-06 13:05:26,121 Listen start
2016-02-06 13:06:08,746 Listen start
2016-02-06 13:06:12,924 Listen finish
2016-02-06 13:08:30,551 Listen start
2016-02-06 13:08:33,279 Listen finish
2016-02-06 13:12:20,381 Listen start
2016-02-06 13:12:24,465 Listen finish
2016-02-06 13:12:36,175 Listen start
2016-02-06 13:12:40,264 Listen finish
2016-02-06 13:13:34,811 Listen start
2016-02-06 13:13:37,648 Listen finish
2016-02-06 13:14:33,323 Listen start
2016-02-06 13:14:36,036 Listen finish
2016-02-06 13:14:43,833 Listen start
2016-02-06 13:14:58,579 SamuelRB change wifi status to off
2016-02-06 13:15:28,309 Listen finish
